<?xml version="1.0" encoding="UTF-8"?>
<testsuite name="com.UserRegistration.UserRegistrationTest" tests="10" skipped="0" failures="0" errors="0" timestamp="2021-11-08T16:15:22" hostname="DESKTOP-TKOO8NS" time="0.105">
  <properties/>
  <testcase name="givenPhoneNumber_ShouldReturnSad_IfInvalid()" classname="com.UserRegistration.UserRegistrationTest" time="0.052"/>
  <testcase name="givenFirstName_ShouldReturnHappy_IfValid()" classname="com.UserRegistration.UserRegistrationTest" time="0.004"/>
  <testcase name="givenFirstName_ShouldReturnSad_IfInvalid()" classname="com.UserRegistration.UserRegistrationTest" time="0.002"/>
  <testcase name="givenPassword_ShouldReturnHappy_IfValid()" classname="com.UserRegistration.UserRegistrationTest" time="0.002"/>
  <testcase name="givenEmailId_ShouldReturnHappy_IfValid()" classname="com.UserRegistration.UserRegistrationTest" time="0.002"/>
  <testcase name="givenPassword_ShouldReturnSad_IfInvalid()" classname="com.UserRegistration.UserRegistrationTest" time="0.005"/>
  <testcase name="givenEmailId_ShouldReturnSad_IfInvalid()" classname="com.UserRegistration.UserRegistrationTest" time="0.003"/>
  <testcase name="givenLastName_ShouldReturnHappy_IfValid()" classname="com.UserRegistration.UserRegistrationTest" time="0.003"/>
  <testcase name="givenPhoneNumber_ShouldReturnHappy_IfValid()" classname="com.UserRegistration.UserRegistrationTest" time="0.003"/>
  <testcase name="givenLastName_ShouldReturnSad_IfInvalid()" classname="com.UserRegistration.UserRegistrationTest" time="0.004"/>
  <system-out><![CDATA[invalid phoneNumber
Entry Failed
==================
valid FirstName
Entry Successful
==================
invalid FirstName
Entry Failed
==================
valid password
Entry Successful
==================
valid Email
Entry Successful
==================
invalid password
Entry Failed
==================
invalid Email
Entry Failed
==================
valid LastName
Entry Successful
==================
valid phoneNumber
Entry Successful
==================
invalid LastName
Entry Failed
==================
]]></system-out>
  <system-err><![CDATA[]]></system-err>
</testsuite>
